<?xml version="1.0" encoding="UTF-8"?>
<robot generator="Robot 3.2.2 (Python 3.10.1 on win32)" generated="20221014 11:49:22.876" rpa="false">
<suite id="s1" name="Rdemo" source="C:\Users\Marwen\eclipse-workspace\Rdemo">
<suite id="s1-s1" name="Test" source="C:\Users\Marwen\eclipse-workspace\Rdemo\test.robot">
<test id="s1-s1-t1" name="open browser">
<kw name="Open Browser" library="SeleniumLibrary">
<doc>Opens a new browser instance to the optional ``url``.</doc>
<arguments>
<arg>https://www.google.com</arg>
<arg>chrome</arg>
</arguments>
<msg timestamp="20221014 11:49:23.515" level="INFO">Opening browser 'chrome' to base url 'https://www.google.com'.</msg>
<status status="PASS" starttime="20221014 11:49:23.513" endtime="20221014 11:49:39.445"></status>
</kw>
<kw name="Maximize Browser Window" library="SeleniumLibrary">
<doc>Maximizes current browser window.</doc>
<status status="PASS" starttime="20221014 11:49:39.446" endtime="20221014 11:49:39.580"></status>
</kw>
<kw name="Sleep" library="BuiltIn">
<doc>Pauses the test executed for the given time.</doc>
<arguments>
<arg>3</arg>
</arguments>
<msg timestamp="20221014 11:49:42.586" level="INFO">Slept 3 seconds</msg>
<status status="PASS" starttime="20221014 11:49:39.581" endtime="20221014 11:49:42.586"></status>
</kw>
<kw name="Close Browser" library="SeleniumLibrary" type="teardown">
<doc>Closes the current browser.</doc>
<status status="PASS" starttime="20221014 11:49:42.587" endtime="20221014 11:49:44.787"></status>
</kw>
<status status="PASS" starttime="20221014 11:49:23.511" endtime="20221014 11:49:44.787" critical="yes"></status>
</test>
<status status="PASS" starttime="20221014 11:49:22.994" endtime="20221014 11:49:44.789"></status>
</suite>
<status status="PASS" starttime="20221014 11:49:22.959" endtime="20221014 11:49:44.793"></status>
</suite>
<statistics>
<total>
<stat pass="1" fail="0">Critical Tests</stat>
<stat pass="1" fail="0">All Tests</stat>
</total>
<tag>
</tag>
<suite>
<stat pass="1" fail="0" id="s1" name="Rdemo">Rdemo</stat>
<stat pass="1" fail="0" id="s1-s1" name="Test">Rdemo.Test</stat>
</suite>
</statistics>
<errors>
</errors>
</robot>
